\BOOKMARK [1][-]{section*.5}{Introduction}{}
\BOOKMARK [1][-]{section*.6}{Page Size and Columns}{}
\BOOKMARK [1][-]{section*.7}{Typeset Text}{}
\BOOKMARK [2][-]{section*.8}{Title and Authors}{section*.7}
\BOOKMARK [2][-]{section*.9}{Abstract and Keywords}{section*.7}
\BOOKMARK [2][-]{section*.10}{Normal or Body Text}{section*.7}
\BOOKMARK [2][-]{section*.11}{First Page Copyright Notice}{section*.7}
\BOOKMARK [2][-]{section*.12}{Subsequent Pages}{section*.7}
\BOOKMARK [2][-]{section*.13}{References and Citations}{section*.7}
\BOOKMARK [1][-]{section*.14}{Sections}{}
\BOOKMARK [2][-]{section*.15}{Subsections}{section*.14}
\BOOKMARK [3][-]{section*.16}{Sub-subsections}{section*.15}
\BOOKMARK [1][-]{section*.17}{Figures/Captions and optional Audio/Video}{}
\BOOKMARK [2][-]{section*.18}{Inserting Images}{section*.17}
\BOOKMARK [2][-]{section*.19}{Table Style}{section*.17}
\BOOKMARK [1][-]{section*.20}{Language, Style and Context}{}
\BOOKMARK [1][-]{section*.21}{Page Numbering, Headers and Footers}{}
\BOOKMARK [1][-]{section*.22}{Producing and Testing PDF Files}{}
\BOOKMARK [1][-]{section*.23}{Blind Review}{}
\BOOKMARK [1][-]{section*.24}{Conclusion}{}
\BOOKMARK [1][-]{section*.25}{Acknowledgements}{}
\BOOKMARK [1][-]{section*.26}{REFERENCES }{}
